<?xml version="1.0" encoding="UTF-8"?>
<testng-results skipped="0" failed="0" total="1" passed="1">
  <reporter-output>
  </reporter-output>
  <suite name="Surefire suite" duration-ms="32" started-at="2018-10-08T14:00:24Z" finished-at="2018-10-08T14:00:24Z">
    <groups>
    </groups>
    <test name="Surefire test" duration-ms="32" started-at="2018-10-08T14:00:24Z" finished-at="2018-10-08T14:00:24Z">
      <class name="com.test.demo.MavenTest.AppTest">
        <test-method status="PASS" signature="shouldAnswerWithTrue()[pri:0, instance:shouldAnswerWithTrue(com.test.demo.MavenTest.AppTest)]" name="shouldAnswerWithTrue" duration-ms="1" started-at="2018-10-08T19:30:24Z" finished-at="2018-10-08T19:30:24Z">
          <reporter-output>
          </reporter-output>
        </test-method> <!-- shouldAnswerWithTrue -->
      </class> <!-- com.test.demo.MavenTest.AppTest -->
    </test> <!-- Surefire test -->
  </suite> <!-- Surefire suite -->
</testng-results>
