<?xml version="1.0" encoding="UTF-8"?>
<testng-results skipped="0" failed="0" total="1" passed="1">
  <reporter-output>
  </reporter-output>
  <suite name="Surefire suite" duration-ms="14964" started-at="2018-10-08T14:00:09Z" finished-at="2018-10-08T14:00:23Z">
    <groups>
    </groups>
    <test name="Surefire test" duration-ms="14964" started-at="2018-10-08T14:00:09Z" finished-at="2018-10-08T14:00:23Z">
      <class name="com.test.demo.MavenTest.NewTest">
        <test-method status="PASS" signature="go()[pri:0, instance:com.test.demo.MavenTest.NewTest@5f2050f6]" name="go" duration-ms="14939" started-at="2018-10-08T19:30:09Z" finished-at="2018-10-08T19:30:23Z">
          <reporter-output>
          </reporter-output>
        </test-method> <!-- go -->
      </class> <!-- com.test.demo.MavenTest.NewTest -->
    </test> <!-- Surefire test -->
  </suite> <!-- Surefire suite -->
</testng-results>
