<?xml version="1.0" encoding="UTF-8"?>
<testng-results skipped="0" failed="0" ignored="0" total="1" passed="1">
  <reporter-output>
  </reporter-output>
  <suite name="Suite" duration-ms="18665" started-at="2018-10-08T13:34:12Z" finished-at="2018-10-08T13:34:30Z">
    <groups>
    </groups>
    <test name="Test" duration-ms="18665" started-at="2018-10-08T13:34:12Z" finished-at="2018-10-08T13:34:30Z">
      <class name="com.test.demo.MavenTest.NewTest">
        <test-method status="PASS" signature="go()[pri:0, instance:com.test.demo.MavenTest.NewTest@475530b9]" name="go" duration-ms="18640" started-at="2018-10-08T13:34:12Z" finished-at="2018-10-08T13:34:30Z">
          <reporter-output>
          </reporter-output>
        </test-method> <!-- go -->
      </class> <!-- com.test.demo.MavenTest.NewTest -->
    </test> <!-- Test -->
  </suite> <!-- Suite -->
</testng-results>
